[2018-11-01T17:06:20.256] [INFO] pinus - [connector-server-2 application.js] application inited: "connector-server-2"
[2018-11-01T17:06:20.279] [INFO] pinus - [connector-server-2 application.js] "connector-server-2" enter before start...
[2018-11-01T17:06:20.280] [INFO] pinus - [connector-server-2 application.js] "connector-server-2" enter after start...
[2018-11-01T17:06:20.290] [INFO] pinus-admin - [connector-server-2 consoleService.js] try to connect master: "connector", "127.0.0.1", 3005
[2018-11-01T17:06:20.414] [INFO] pinus - [connector-server-2 application.js] "connector-server-2" enter after start...
[2018-11-01T17:06:20.419] [INFO] pinus - [connector-server-2 application.js] "connector-server-2" finish start
[2018-11-01T17:06:20.420] [INFO] pinus - [connector-server-2 application.js] "connector-server-2" startup in 152 ms
[2018-11-01T17:06:20.422] [DEBUG] pinus - [connector-server-2 monitorwatcher.js] [connector-server-2] receive addServer signal: {"action":"addServer","server":{"main":"/Users/admin/pinusChat/myWebSocketChatMulti/game-server/dist/app.js","env":"development","id":"gate-server-1","host":"127.0.0.1","clientPort":3014,"frontend":"true","args":"--inspect=10003","serverType":"gate","handlerPaths":["/Users/admin/pinusChat/myWebSocketChatMulti/game-server/dist/app/servers/gate/handler"],"pid":71970}}
[2018-11-01T17:06:20.436] [DEBUG] pinus - [connector-server-2 monitorwatcher.js] [connector-server-2] receive addServer signal: {"action":"addServer","server":{"main":"/Users/admin/pinusChat/myWebSocketChatMulti/game-server/dist/app.js","env":"development","id":"connector-server-3","host":"127.0.0.1","port":4052,"clientPort":3052,"frontend":"true","serverType":"connector","remoterPaths":[{"namespace":"sys","serverType":"connector","path":"/Users/admin/pinusChat/myWebSocketChatMulti/game-server/node_modules/pinus/dist/lib/common/remote/frontend"},{"namespace":"user","serverType":"connector","path":"/Users/admin/pinusChat/myWebSocketChatMulti/game-server/dist/app/servers/connector/remote"}],"handlerPaths":["/Users/admin/pinusChat/myWebSocketChatMulti/game-server/dist/app/servers/connector/handler"],"pid":71966}}
[2018-11-01T17:06:20.438] [DEBUG] pinus - [connector-server-2 monitorwatcher.js] [connector-server-2] receive addServer signal: {"action":"addServer","server":{"main":"/Users/admin/pinusChat/myWebSocketChatMulti/game-server/dist/app.js","env":"development","id":"chat-server-1","host":"127.0.0.1","port":6050,"args":"--inspect=10002","serverType":"chat","remoterPaths":[{"namespace":"sys","serverType":"chat","path":"/Users/admin/pinusChat/myWebSocketChatMulti/game-server/node_modules/pinus/dist/lib/common/remote/backend"},{"namespace":"user","serverType":"chat","path":"/Users/admin/pinusChat/myWebSocketChatMulti/game-server/dist/app/servers/chat/remote"}],"handlerPaths":["/Users/admin/pinusChat/myWebSocketChatMulti/game-server/dist/app/servers/chat/handler"],"pid":71967}}
[2018-11-01T17:06:20.458] [WARN] logger - [connector-server-2 console] after start all server, use route dictionary :
 chat.chatHandler.send
chat.chatHandler.send
chat.chatHandler.send
connector.entryHandler.enter
connector.entryHandler.enter
connector.entryHandler.enter
connector.entryHandler.onUserLeave
connector.entryHandler.onUserLeave
connector.entryHandler.onUserLeave
connector.entryHandler.publish
connector.entryHandler.publish
connector.entryHandler.publish
connector.entryHandler.subscribe
connector.entryHandler.subscribe
connector.entryHandler.subscribe
gate.gateHandler.queryEntry
[2018-11-01T17:14:36.094] [INFO] pinus - [connector-server-2 application.js] application inited: "connector-server-2"
[2018-11-01T17:14:36.126] [INFO] pinus - [connector-server-2 application.js] "connector-server-2" enter before start...
[2018-11-01T17:14:36.128] [INFO] pinus - [connector-server-2 application.js] "connector-server-2" enter after start...
[2018-11-01T17:14:36.145] [INFO] pinus-admin - [connector-server-2 consoleService.js] try to connect master: "connector", "127.0.0.1", 3005
[2018-11-01T17:14:36.338] [INFO] pinus - [connector-server-2 application.js] "connector-server-2" enter after start...
[2018-11-01T17:14:36.343] [INFO] pinus - [connector-server-2 application.js] "connector-server-2" finish start
[2018-11-01T17:14:36.344] [INFO] pinus - [connector-server-2 application.js] "connector-server-2" startup in 239 ms
[2018-11-01T17:14:36.346] [DEBUG] pinus - [connector-server-2 monitorwatcher.js] [connector-server-2] receive addServer signal: {"action":"addServer","server":{"main":"/Users/admin/pinusChat/myWebSocketChatMulti/game-server/dist/app.js","env":"development","id":"connector-server-3","host":"127.0.0.1","port":4052,"clientPort":3052,"frontend":"true","serverType":"connector","remoterPaths":[{"namespace":"sys","serverType":"connector","path":"/Users/admin/pinusChat/myWebSocketChatMulti/game-server/node_modules/pinus/dist/lib/common/remote/frontend"},{"namespace":"user","serverType":"connector","path":"/Users/admin/pinusChat/myWebSocketChatMulti/game-server/dist/app/servers/connector/remote"}],"handlerPaths":["/Users/admin/pinusChat/myWebSocketChatMulti/game-server/dist/app/servers/connector/handler"],"pid":72146}}
[2018-11-01T17:14:36.355] [WARN] logger - [connector-server-2 console] after start all server, use route dictionary :
 chat.chatHandler.send
chat.chatHandler.send
chat.chatHandler.send
connector.entryHandler.enter
connector.entryHandler.enter
connector.entryHandler.enter
connector.entryHandler.onUserLeave
connector.entryHandler.onUserLeave
connector.entryHandler.onUserLeave
connector.entryHandler.publish
connector.entryHandler.publish
connector.entryHandler.publish
connector.entryHandler.subscribe
connector.entryHandler.subscribe
connector.entryHandler.subscribe
gate.gateHandler.queryEntry
