[2018-11-01T14:59:17.684] [INFO] pinus - [connector-server-1 application.js] application inited: "connector-server-1"
[2018-11-01T14:59:17.706] [INFO] pinus - [connector-server-1 application.js] "connector-server-1" enter before start...
[2018-11-01T14:59:17.707] [INFO] pinus - [connector-server-1 application.js] "connector-server-1" enter after start...
[2018-11-01T14:59:17.727] [INFO] pinus-admin - [connector-server-1 consoleService.js] try to connect master: "connector", "127.0.0.1", 3005
[2018-11-01T14:59:17.941] [INFO] pinus - [connector-server-1 application.js] "connector-server-1" enter after start...
[2018-11-01T14:59:17.951] [INFO] pinus - [connector-server-1 application.js] "connector-server-1" finish start
[2018-11-01T14:59:17.951] [INFO] pinus - [connector-server-1 application.js] "connector-server-1" startup in 259 ms
[2018-11-01T14:59:17.979] [DEBUG] pinus - [connector-server-1 monitorwatcher.js] [connector-server-1] receive addServer signal: {"action":"addServer","server":{"main":"/Users/admin/pinusChat/myWebsocketChat/game-server/dist/app.js","env":"development","id":"gate-server-1","host":"127.0.0.1","clientPort":3014,"frontend":"true","args":"--inspect=10003","serverType":"gate","handlerPaths":["/Users/admin/pinusChat/myWebsocketChat/game-server/dist/app/servers/gate/handler"],"pid":65361}}
[2018-11-01T14:59:17.992] [DEBUG] pinus - [connector-server-1 monitorwatcher.js] [connector-server-1] receive addServer signal: {"action":"addServer","server":{"main":"/Users/admin/pinusChat/myWebsocketChat/game-server/dist/app.js","env":"development","id":"chat-server-1","host":"127.0.0.1","port":6050,"args":"--inspect=10002","serverType":"chat","remoterPaths":[{"namespace":"sys","serverType":"chat","path":"/Users/admin/pinusChat/myWebsocketChat/game-server/node_modules/pinus/dist/lib/common/remote/backend"},{"namespace":"user","serverType":"chat","path":"/Users/admin/pinusChat/myWebsocketChat/game-server/dist/app/servers/chat/remote"}],"handlerPaths":["/Users/admin/pinusChat/myWebsocketChat/game-server/dist/app/servers/chat/handler"],"pid":65360}}
[2018-11-01T14:59:18.024] [WARN] logger - [connector-server-1 console] after start all server, use route dictionary :
 chat.chatHandler.send
connector.entryHandler.enter
connector.entryHandler.onUserLeave
connector.entryHandler.publish
connector.entryHandler.subscribe
gate.gateHandler.queryEntry
[2018-11-01T14:59:35.596] [DEBUG] pinus - [connector-server-1 connector.js] [connector-server-1] getSession session is created with session id: 1
[2018-11-01T14:59:35.604] [INFO] logger - [connector-server-1 console] connector enter... rid = channel1
[2018-11-01T14:59:35.605] [INFO] logger - [connector-server-1 console] connector enter... uid = username*channel1
[2018-11-01T14:59:35.606] [DEBUG] pinus - [connector-server-1 connector.js] session on [connector-server-1] bind with uid: username*channel1
[2018-11-01T14:59:35.625] [DEBUG] pinus - [connector-server-1 connector.js] [connector-server-1] send message reqId: 2, route: connector.entryHandler.enter, msg: {"users":["username"]}, receivers: [1], opts: {"type":"response"}
[2018-11-01T14:59:45.862] [DEBUG] pinus - [connector-server-1 connector.js] [connector-server-1] send message reqId: 3, route: chat.chatHandler.send, msg: {}, receivers: [1], opts: {"type":"response"}
[2018-11-01T14:59:45.865] [INFO] logger - [connector-server-1 console] connected
[2018-11-01T14:59:45.867] [DEBUG] pinus - [connector-server-1 channelRemote.js] [connector-server-1] pushMessage uids: ["username*channel1"], msg: {"msg":"my Msg","from":"username","target":"*"}, sids: [1]
[2018-11-01T14:59:45.867] [DEBUG] pinus - [connector-server-1 connector.js] [connector-server-1] send message reqId: null, route: onChat, msg: {"msg":"my Msg","from":"username","target":"*"}, receivers: [1], opts: {"type":"push","userOptions":{},"isPush":true}
[2018-11-01T15:33:27.293] [INFO] pinus - [connector-server-1 heartbeat.js] client 1 heartbeat timeout.
[2018-11-01T15:33:27.296] [DEBUG] pinus - [connector-server-1 sessionService.js] session on [connector-server-1] is closed with session id: 1
[2018-11-01T16:55:29.207] [INFO] pinus - [connector-server-1 application.js] application inited: "connector-server-1"
[2018-11-01T16:55:29.218] [INFO] pinus - [connector-server-1 application.js] "connector-server-1" enter before start...
[2018-11-01T16:55:29.219] [INFO] pinus - [connector-server-1 application.js] "connector-server-1" enter after start...
[2018-11-01T16:55:29.227] [INFO] pinus-admin - [connector-server-1 consoleService.js] try to connect master: "connector", "127.0.0.1", 3005
[2018-11-01T16:55:29.299] [INFO] pinus - [connector-server-1 application.js] "connector-server-1" enter after start...
[2018-11-01T16:55:29.303] [INFO] pinus - [connector-server-1 application.js] "connector-server-1" finish start
[2018-11-01T16:55:29.303] [INFO] pinus - [connector-server-1 application.js] "connector-server-1" startup in 92 ms
[2018-11-01T16:55:29.308] [WARN] logger - [connector-server-1 console] after start all server, use route dictionary :
 chat.chatHandler.send
connector.entryHandler.enter
connector.entryHandler.onUserLeave
connector.entryHandler.publish
connector.entryHandler.subscribe
gate.gateHandler.queryEntry
[2018-11-01T17:06:20.226] [INFO] pinus - [connector-server-1 application.js] application inited: "connector-server-1"
[2018-11-01T17:06:20.242] [INFO] pinus - [connector-server-1 application.js] "connector-server-1" enter before start...
[2018-11-01T17:06:20.243] [INFO] pinus - [connector-server-1 application.js] "connector-server-1" enter after start...
[2018-11-01T17:06:20.255] [INFO] pinus-admin - [connector-server-1 consoleService.js] try to connect master: "connector", "127.0.0.1", 3005
[2018-11-01T17:06:20.367] [INFO] pinus - [connector-server-1 application.js] "connector-server-1" enter after start...
[2018-11-01T17:06:20.375] [INFO] pinus - [connector-server-1 application.js] "connector-server-1" finish start
[2018-11-01T17:06:20.375] [INFO] pinus - [connector-server-1 application.js] "connector-server-1" startup in 144 ms
[2018-11-01T17:06:20.385] [DEBUG] pinus - [connector-server-1 monitorwatcher.js] [connector-server-1] receive addServer signal: {"action":"addServer","server":{"main":"/Users/admin/pinusChat/myWebSocketChatMulti/game-server/dist/app.js","env":"development","id":"chat-server-3","host":"127.0.0.1","port":6052,"serverType":"chat","remoterPaths":[{"namespace":"sys","serverType":"chat","path":"/Users/admin/pinusChat/myWebSocketChatMulti/game-server/node_modules/pinus/dist/lib/common/remote/backend"},{"namespace":"user","serverType":"chat","path":"/Users/admin/pinusChat/myWebSocketChatMulti/game-server/dist/app/servers/chat/remote"}],"handlerPaths":["/Users/admin/pinusChat/myWebSocketChatMulti/game-server/dist/app/servers/chat/handler"],"pid":71969}}
[2018-11-01T17:06:20.406] [DEBUG] pinus - [connector-server-1 monitorwatcher.js] [connector-server-1] receive addServer signal: {"action":"addServer","server":{"main":"/Users/admin/pinusChat/myWebSocketChatMulti/game-server/dist/app.js","env":"development","id":"connector-server-2","host":"127.0.0.1","port":4051,"clientPort":3051,"frontend":"true","serverType":"connector","remoterPaths":[{"namespace":"sys","serverType":"connector","path":"/Users/admin/pinusChat/myWebSocketChatMulti/game-server/node_modules/pinus/dist/lib/common/remote/frontend"},{"namespace":"user","serverType":"connector","path":"/Users/admin/pinusChat/myWebSocketChatMulti/game-server/dist/app/servers/connector/remote"}],"handlerPaths":["/Users/admin/pinusChat/myWebSocketChatMulti/game-server/dist/app/servers/connector/handler"],"pid":71965}}
[2018-11-01T17:06:20.409] [DEBUG] pinus - [connector-server-1 monitorwatcher.js] [connector-server-1] receive addServer signal: {"action":"addServer","server":{"main":"/Users/admin/pinusChat/myWebSocketChatMulti/game-server/dist/app.js","env":"development","id":"chat-server-2","host":"127.0.0.1","port":6051,"serverType":"chat","remoterPaths":[{"namespace":"sys","serverType":"chat","path":"/Users/admin/pinusChat/myWebSocketChatMulti/game-server/node_modules/pinus/dist/lib/common/remote/backend"},{"namespace":"user","serverType":"chat","path":"/Users/admin/pinusChat/myWebSocketChatMulti/game-server/dist/app/servers/chat/remote"}],"handlerPaths":["/Users/admin/pinusChat/myWebSocketChatMulti/game-server/dist/app/servers/chat/handler"],"pid":71968}}
[2018-11-01T17:06:20.421] [DEBUG] pinus - [connector-server-1 monitorwatcher.js] [connector-server-1] receive addServer signal: {"action":"addServer","server":{"main":"/Users/admin/pinusChat/myWebSocketChatMulti/game-server/dist/app.js","env":"development","id":"gate-server-1","host":"127.0.0.1","clientPort":3014,"frontend":"true","args":"--inspect=10003","serverType":"gate","handlerPaths":["/Users/admin/pinusChat/myWebSocketChatMulti/game-server/dist/app/servers/gate/handler"],"pid":71970}}
[2018-11-01T17:06:20.436] [DEBUG] pinus - [connector-server-1 monitorwatcher.js] [connector-server-1] receive addServer signal: {"action":"addServer","server":{"main":"/Users/admin/pinusChat/myWebSocketChatMulti/game-server/dist/app.js","env":"development","id":"connector-server-3","host":"127.0.0.1","port":4052,"clientPort":3052,"frontend":"true","serverType":"connector","remoterPaths":[{"namespace":"sys","serverType":"connector","path":"/Users/admin/pinusChat/myWebSocketChatMulti/game-server/node_modules/pinus/dist/lib/common/remote/frontend"},{"namespace":"user","serverType":"connector","path":"/Users/admin/pinusChat/myWebSocketChatMulti/game-server/dist/app/servers/connector/remote"}],"handlerPaths":["/Users/admin/pinusChat/myWebSocketChatMulti/game-server/dist/app/servers/connector/handler"],"pid":71966}}
[2018-11-01T17:06:20.438] [DEBUG] pinus - [connector-server-1 monitorwatcher.js] [connector-server-1] receive addServer signal: {"action":"addServer","server":{"main":"/Users/admin/pinusChat/myWebSocketChatMulti/game-server/dist/app.js","env":"development","id":"chat-server-1","host":"127.0.0.1","port":6050,"args":"--inspect=10002","serverType":"chat","remoterPaths":[{"namespace":"sys","serverType":"chat","path":"/Users/admin/pinusChat/myWebSocketChatMulti/game-server/node_modules/pinus/dist/lib/common/remote/backend"},{"namespace":"user","serverType":"chat","path":"/Users/admin/pinusChat/myWebSocketChatMulti/game-server/dist/app/servers/chat/remote"}],"handlerPaths":["/Users/admin/pinusChat/myWebSocketChatMulti/game-server/dist/app/servers/chat/handler"],"pid":71967}}
[2018-11-01T17:06:20.458] [WARN] logger - [connector-server-1 console] after start all server, use route dictionary :
 chat.chatHandler.send
chat.chatHandler.send
chat.chatHandler.send
connector.entryHandler.enter
connector.entryHandler.enter
connector.entryHandler.enter
connector.entryHandler.onUserLeave
connector.entryHandler.onUserLeave
connector.entryHandler.onUserLeave
connector.entryHandler.publish
connector.entryHandler.publish
connector.entryHandler.publish
connector.entryHandler.subscribe
connector.entryHandler.subscribe
connector.entryHandler.subscribe
gate.gateHandler.queryEntry
[2018-11-01T17:07:38.282] [DEBUG] pinus - [connector-server-1 connector.js] [connector-server-1] getSession session is created with session id: 1
[2018-11-01T17:07:38.296] [INFO] logger - [connector-server-1 console] connector enter... rid = aaa
[2018-11-01T17:07:38.297] [INFO] logger - [connector-server-1 console] connector enter... uid = a*aaa
[2018-11-01T17:07:38.299] [DEBUG] pinus - [connector-server-1 connector.js] session on [connector-server-1] bind with uid: a*aaa
[2018-11-01T17:07:38.322] [DEBUG] pinus - [connector-server-1 connector.js] [connector-server-1] send message reqId: 2, route: connector.entryHandler.enter, msg: {"users":["a"]}, receivers: [1], opts: {"type":"response"}
[2018-11-01T17:07:40.977] [DEBUG] pinus - [connector-server-1 connector.js] [connector-server-1] send message reqId: 3, route: chat.chatHandler.send, msg: {}, receivers: [1], opts: {"type":"response"}
[2018-11-01T17:07:40.979] [INFO] logger - [connector-server-1 console] connected
[2018-11-01T17:07:40.980] [DEBUG] pinus - [connector-server-1 channelRemote.js] [connector-server-1] pushMessage uids: ["a*aaa"], msg: {"msg":"sss","from":"a","target":"*"}, sids: [1]
[2018-11-01T17:07:40.981] [DEBUG] pinus - [connector-server-1 connector.js] [connector-server-1] send message reqId: null, route: onChat, msg: {"msg":"sss","from":"a","target":"*"}, receivers: [1], opts: {"type":"push","userOptions":{},"isPush":true}
[2018-11-01T17:07:55.194] [DEBUG] pinus - [connector-server-1 channelRemote.js] [connector-server-1] pushMessage uids: ["a*aaa"], msg: {"msg":"sss","from":"a","target":"*"}, sids: [1]
[2018-11-01T17:07:55.196] [DEBUG] pinus - [connector-server-1 connector.js] [connector-server-1] send message reqId: null, route: onChat, msg: {"msg":"sss","from":"a","target":"*"}, receivers: [1], opts: {"type":"push","userOptions":{},"isPush":true}
[2018-11-01T17:07:55.199] [DEBUG] pinus - [connector-server-1 connector.js] [connector-server-1] send message reqId: 4, route: chat.chatHandler.send, msg: {}, receivers: [1], opts: {"type":"response"}
[2018-11-01T17:14:36.076] [INFO] pinus - [connector-server-1 application.js] application inited: "connector-server-1"
[2018-11-01T17:14:36.091] [INFO] pinus - [connector-server-1 application.js] "connector-server-1" enter before start...
[2018-11-01T17:14:36.092] [INFO] pinus - [connector-server-1 application.js] "connector-server-1" enter after start...
[2018-11-01T17:14:36.103] [INFO] pinus-admin - [connector-server-1 consoleService.js] try to connect master: "connector", "127.0.0.1", 3005
[2018-11-01T17:14:36.287] [INFO] pinus - [connector-server-1 application.js] "connector-server-1" enter after start...
[2018-11-01T17:14:36.293] [INFO] pinus - [connector-server-1 application.js] "connector-server-1" finish start
[2018-11-01T17:14:36.294] [INFO] pinus - [connector-server-1 application.js] "connector-server-1" startup in 212 ms
[2018-11-01T17:14:36.300] [DEBUG] pinus - [connector-server-1 monitorwatcher.js] [connector-server-1] receive addServer signal: {"action":"addServer","server":{"main":"/Users/admin/pinusChat/myWebSocketChatMulti/game-server/dist/app.js","env":"development","id":"chat-server-2","host":"127.0.0.1","port":6051,"serverType":"chat","remoterPaths":[{"namespace":"sys","serverType":"chat","path":"/Users/admin/pinusChat/myWebSocketChatMulti/game-server/node_modules/pinus/dist/lib/common/remote/backend"},{"namespace":"user","serverType":"chat","path":"/Users/admin/pinusChat/myWebSocketChatMulti/game-server/dist/app/servers/chat/remote"}],"handlerPaths":["/Users/admin/pinusChat/myWebSocketChatMulti/game-server/dist/app/servers/chat/handler"],"pid":72148}}
[2018-11-01T17:14:36.304] [DEBUG] pinus - [connector-server-1 monitorwatcher.js] [connector-server-1] receive addServer signal: {"action":"addServer","server":{"main":"/Users/admin/pinusChat/myWebSocketChatMulti/game-server/dist/app.js","env":"development","id":"chat-server-3","host":"127.0.0.1","port":6052,"serverType":"chat","remoterPaths":[{"namespace":"sys","serverType":"chat","path":"/Users/admin/pinusChat/myWebSocketChatMulti/game-server/node_modules/pinus/dist/lib/common/remote/backend"},{"namespace":"user","serverType":"chat","path":"/Users/admin/pinusChat/myWebSocketChatMulti/game-server/dist/app/servers/chat/remote"}],"handlerPaths":["/Users/admin/pinusChat/myWebSocketChatMulti/game-server/dist/app/servers/chat/handler"],"pid":72149}}
[2018-11-01T17:14:36.326] [DEBUG] pinus - [connector-server-1 monitorwatcher.js] [connector-server-1] receive addServer signal: {"action":"addServer","server":{"main":"/Users/admin/pinusChat/myWebSocketChatMulti/game-server/dist/app.js","env":"development","id":"connector-server-2","host":"127.0.0.1","port":4051,"clientPort":3051,"frontend":"true","serverType":"connector","remoterPaths":[{"namespace":"sys","serverType":"connector","path":"/Users/admin/pinusChat/myWebSocketChatMulti/game-server/node_modules/pinus/dist/lib/common/remote/frontend"},{"namespace":"user","serverType":"connector","path":"/Users/admin/pinusChat/myWebSocketChatMulti/game-server/dist/app/servers/connector/remote"}],"handlerPaths":["/Users/admin/pinusChat/myWebSocketChatMulti/game-server/dist/app/servers/connector/handler"],"pid":72145}}
[2018-11-01T17:14:36.330] [DEBUG] pinus - [connector-server-1 monitorwatcher.js] [connector-server-1] receive addServer signal: {"action":"addServer","server":{"main":"/Users/admin/pinusChat/myWebSocketChatMulti/game-server/dist/app.js","env":"development","id":"gate-server-1","host":"127.0.0.1","clientPort":3014,"frontend":"true","args":"--inspect=10003","serverType":"gate","handlerPaths":["/Users/admin/pinusChat/myWebSocketChatMulti/game-server/dist/app/servers/gate/handler"],"pid":72150}}
[2018-11-01T17:14:36.335] [DEBUG] pinus - [connector-server-1 monitorwatcher.js] [connector-server-1] receive addServer signal: {"action":"addServer","server":{"main":"/Users/admin/pinusChat/myWebSocketChatMulti/game-server/dist/app.js","env":"development","id":"connector-server-3","host":"127.0.0.1","port":4052,"clientPort":3052,"frontend":"true","serverType":"connector","remoterPaths":[{"namespace":"sys","serverType":"connector","path":"/Users/admin/pinusChat/myWebSocketChatMulti/game-server/node_modules/pinus/dist/lib/common/remote/frontend"},{"namespace":"user","serverType":"connector","path":"/Users/admin/pinusChat/myWebSocketChatMulti/game-server/dist/app/servers/connector/remote"}],"handlerPaths":["/Users/admin/pinusChat/myWebSocketChatMulti/game-server/dist/app/servers/connector/handler"],"pid":72146}}
[2018-11-01T17:14:36.354] [WARN] logger - [connector-server-1 console] after start all server, use route dictionary :
 chat.chatHandler.send
chat.chatHandler.send
chat.chatHandler.send
connector.entryHandler.enter
connector.entryHandler.enter
connector.entryHandler.enter
connector.entryHandler.onUserLeave
connector.entryHandler.onUserLeave
connector.entryHandler.onUserLeave
connector.entryHandler.publish
connector.entryHandler.publish
connector.entryHandler.publish
connector.entryHandler.subscribe
connector.entryHandler.subscribe
connector.entryHandler.subscribe
gate.gateHandler.queryEntry
[2018-11-01T17:15:03.550] [DEBUG] pinus - [connector-server-1 connector.js] [connector-server-1] getSession session is created with session id: 1
[2018-11-01T17:15:03.556] [INFO] logger - [connector-server-1 console] connector enter... rid = aaa
[2018-11-01T17:15:03.556] [INFO] logger - [connector-server-1 console] connector enter... uid = a*aaa
[2018-11-01T17:15:03.557] [DEBUG] pinus - [connector-server-1 connector.js] session on [connector-server-1] bind with uid: a*aaa
[2018-11-01T17:15:03.569] [DEBUG] pinus - [connector-server-1 connector.js] [connector-server-1] send message reqId: 2, route: connector.entryHandler.enter, msg: {"users":["a"]}, receivers: [1], opts: {"type":"response"}
[2018-11-01T17:15:05.853] [DEBUG] pinus - [connector-server-1 connector.js] [connector-server-1] send message reqId: 3, route: chat.chatHandler.send, msg: {}, receivers: [1], opts: {"type":"response"}
[2018-11-01T17:15:05.855] [INFO] logger - [connector-server-1 console] connected
[2018-11-01T17:15:05.857] [DEBUG] pinus - [connector-server-1 channelRemote.js] [connector-server-1] pushMessage uids: ["a*aaa"], msg: {"msg":"asas","from":"a","target":"*"}, sids: [1]
[2018-11-01T17:15:05.858] [DEBUG] pinus - [connector-server-1 connector.js] [connector-server-1] send message reqId: null, route: onChat, msg: {"msg":"asas","from":"a","target":"*"}, receivers: [1], opts: {"type":"push","userOptions":{},"isPush":true}
[2018-11-01T17:15:12.918] [DEBUG] pinus - [connector-server-1 channelRemote.js] [connector-server-1] pushMessage uids: ["a*aaa"], msg: {"user":"b"}, sids: [1]
[2018-11-01T17:15:12.920] [DEBUG] pinus - [connector-server-1 connector.js] [connector-server-1] send message reqId: null, route: onAdd, msg: {"user":"b"}, receivers: [1], opts: {"type":"push","userOptions":{},"isPush":true}
[2018-11-01T17:15:15.036] [DEBUG] pinus - [connector-server-1 channelRemote.js] [connector-server-1] pushMessage uids: ["a*aaa"], msg: {"msg":"ssd","from":"b","target":"*"}, sids: [1]
[2018-11-01T17:15:15.038] [DEBUG] pinus - [connector-server-1 connector.js] [connector-server-1] send message reqId: null, route: onChat, msg: {"msg":"ssd","from":"b","target":"*"}, receivers: [1], opts: {"type":"push","userOptions":{},"isPush":true}
[2018-11-01T17:15:18.758] [DEBUG] pinus - [connector-server-1 channelRemote.js] [connector-server-1] pushMessage uids: ["a*aaa"], msg: {"msg":"asas","from":"a","target":"*"}, sids: [1]
[2018-11-01T17:15:18.758] [DEBUG] pinus - [connector-server-1 connector.js] [connector-server-1] send message reqId: null, route: onChat, msg: {"msg":"asas","from":"a","target":"*"}, receivers: [1], opts: {"type":"push","userOptions":{},"isPush":true}
[2018-11-01T17:15:18.760] [DEBUG] pinus - [connector-server-1 connector.js] [connector-server-1] send message reqId: 4, route: chat.chatHandler.send, msg: {}, receivers: [1], opts: {"type":"response"}
[2018-11-01T17:15:22.066] [DEBUG] pinus - [connector-server-1 channelRemote.js] [connector-server-1] pushMessage uids: ["a*aaa"], msg: {"msg":"ssd","from":"b","target":"*"}, sids: [1]
[2018-11-01T17:15:22.067] [DEBUG] pinus - [connector-server-1 connector.js] [connector-server-1] send message reqId: null, route: onChat, msg: {"msg":"ssd","from":"b","target":"*"}, receivers: [1], opts: {"type":"push","userOptions":{},"isPush":true}
[2018-11-01T17:15:48.585] [INFO] pinus - [connector-server-1 heartbeat.js] client 1 heartbeat timeout.
[2018-11-01T17:15:48.585] [DEBUG] pinus - [connector-server-1 sessionService.js] session on [connector-server-1] is closed with session id: 1
