[2018-11-01T17:06:20.287] [INFO] pinus - [connector-server-3 application.js] application inited: "connector-server-3"
[2018-11-01T17:06:20.306] [INFO] pinus - [connector-server-3 application.js] "connector-server-3" enter before start...
[2018-11-01T17:06:20.308] [INFO] pinus - [connector-server-3 application.js] "connector-server-3" enter after start...
[2018-11-01T17:06:20.319] [INFO] pinus-admin - [connector-server-3 consoleService.js] try to connect master: "connector", "127.0.0.1", 3005
[2018-11-01T17:06:20.447] [INFO] pinus - [connector-server-3 application.js] "connector-server-3" enter after start...
[2018-11-01T17:06:20.451] [INFO] pinus - [connector-server-3 application.js] "connector-server-3" finish start
[2018-11-01T17:06:20.451] [INFO] pinus - [connector-server-3 application.js] "connector-server-3" startup in 158 ms
[2018-11-01T17:06:20.458] [WARN] logger - [connector-server-3 console] after start all server, use route dictionary :
 chat.chatHandler.send
chat.chatHandler.send
chat.chatHandler.send
connector.entryHandler.enter
connector.entryHandler.enter
connector.entryHandler.enter
connector.entryHandler.onUserLeave
connector.entryHandler.onUserLeave
connector.entryHandler.onUserLeave
connector.entryHandler.publish
connector.entryHandler.publish
connector.entryHandler.publish
connector.entryHandler.subscribe
connector.entryHandler.subscribe
connector.entryHandler.subscribe
gate.gateHandler.queryEntry
[2018-11-01T17:07:48.486] [DEBUG] pinus - [connector-server-3 connector.js] [connector-server-3] getSession session is created with session id: 1
[2018-11-01T17:07:48.498] [INFO] logger - [connector-server-3 console] connector enter... rid = aaa
[2018-11-01T17:07:48.498] [INFO] logger - [connector-server-3 console] connector enter... uid = b*aaa
[2018-11-01T17:07:48.499] [DEBUG] pinus - [connector-server-3 connector.js] session on [connector-server-3] bind with uid: b*aaa
[2018-11-01T17:07:48.520] [DEBUG] pinus - [connector-server-3 connector.js] [connector-server-3] send message reqId: 2, route: connector.entryHandler.enter, msg: {"users":["b"]}, receivers: [1], opts: {"type":"response"}
[2018-11-01T17:07:51.368] [DEBUG] pinus - [connector-server-3 connector.js] [connector-server-3] send message reqId: 3, route: chat.chatHandler.send, msg: {}, receivers: [1], opts: {"type":"response"}
[2018-11-01T17:07:51.369] [INFO] logger - [connector-server-3 console] connected
[2018-11-01T17:07:51.371] [DEBUG] pinus - [connector-server-3 channelRemote.js] [connector-server-3] pushMessage uids: ["b*aaa"], msg: {"msg":"sss","from":"b","target":"*"}, sids: [1]
[2018-11-01T17:07:51.373] [DEBUG] pinus - [connector-server-3 connector.js] [connector-server-3] send message reqId: null, route: onChat, msg: {"msg":"sss","from":"b","target":"*"}, receivers: [1], opts: {"type":"push","userOptions":{},"isPush":true}
[2018-11-01T17:08:00.796] [DEBUG] pinus - [connector-server-3 channelRemote.js] [connector-server-3] pushMessage uids: ["b*aaa"], msg: {"msg":"sss","from":"b","target":"*"}, sids: [1]
[2018-11-01T17:08:00.797] [DEBUG] pinus - [connector-server-3 connector.js] [connector-server-3] send message reqId: null, route: onChat, msg: {"msg":"sss","from":"b","target":"*"}, receivers: [1], opts: {"type":"push","userOptions":{},"isPush":true}
[2018-11-01T17:08:00.799] [DEBUG] pinus - [connector-server-3 connector.js] [connector-server-3] send message reqId: 4, route: chat.chatHandler.send, msg: {}, receivers: [1], opts: {"type":"response"}
[2018-11-01T17:14:36.121] [INFO] pinus - [connector-server-3 application.js] application inited: "connector-server-3"
[2018-11-01T17:14:36.144] [INFO] pinus - [connector-server-3 application.js] "connector-server-3" enter before start...
[2018-11-01T17:14:36.145] [INFO] pinus - [connector-server-3 application.js] "connector-server-3" enter after start...
[2018-11-01T17:14:36.201] [INFO] pinus-admin - [connector-server-3 consoleService.js] try to connect master: "connector", "127.0.0.1", 3005
[2018-11-01T17:14:36.343] [INFO] pinus - [connector-server-3 application.js] "connector-server-3" enter after start...
[2018-11-01T17:14:36.348] [INFO] pinus - [connector-server-3 application.js] "connector-server-3" finish start
[2018-11-01T17:14:36.349] [INFO] pinus - [connector-server-3 application.js] "connector-server-3" startup in 223 ms
[2018-11-01T17:14:36.355] [WARN] logger - [connector-server-3 console] after start all server, use route dictionary :
 chat.chatHandler.send
chat.chatHandler.send
chat.chatHandler.send
connector.entryHandler.enter
connector.entryHandler.enter
connector.entryHandler.enter
connector.entryHandler.onUserLeave
connector.entryHandler.onUserLeave
connector.entryHandler.onUserLeave
connector.entryHandler.publish
connector.entryHandler.publish
connector.entryHandler.publish
connector.entryHandler.subscribe
connector.entryHandler.subscribe
connector.entryHandler.subscribe
gate.gateHandler.queryEntry
[2018-11-01T17:15:12.902] [DEBUG] pinus - [connector-server-3 connector.js] [connector-server-3] getSession session is created with session id: 1
[2018-11-01T17:15:12.909] [INFO] logger - [connector-server-3 console] connector enter... rid = aaa
[2018-11-01T17:15:12.910] [INFO] logger - [connector-server-3 console] connector enter... uid = b*aaa
[2018-11-01T17:15:12.911] [DEBUG] pinus - [connector-server-3 connector.js] session on [connector-server-3] bind with uid: b*aaa
[2018-11-01T17:15:12.920] [DEBUG] pinus - [connector-server-3 connector.js] [connector-server-3] send message reqId: 2, route: connector.entryHandler.enter, msg: {"users":["a","b"]}, receivers: [1], opts: {"type":"response"}
[2018-11-01T17:15:15.038] [INFO] logger - [connector-server-3 console] connected
[2018-11-01T17:15:15.040] [DEBUG] pinus - [connector-server-3 channelRemote.js] [connector-server-3] pushMessage uids: ["b*aaa"], msg: {"msg":"ssd","from":"b","target":"*"}, sids: [1]
[2018-11-01T17:15:15.041] [DEBUG] pinus - [connector-server-3 connector.js] [connector-server-3] send message reqId: null, route: onChat, msg: {"msg":"ssd","from":"b","target":"*"}, receivers: [1], opts: {"type":"push","userOptions":{},"isPush":true}
[2018-11-01T17:15:15.044] [DEBUG] pinus - [connector-server-3 connector.js] [connector-server-3] send message reqId: 3, route: chat.chatHandler.send, msg: {}, receivers: [1], opts: {"type":"response"}
[2018-11-01T17:15:18.758] [DEBUG] pinus - [connector-server-3 channelRemote.js] [connector-server-3] pushMessage uids: ["b*aaa"], msg: {"msg":"asas","from":"a","target":"*"}, sids: [1]
[2018-11-01T17:15:18.758] [DEBUG] pinus - [connector-server-3 connector.js] [connector-server-3] send message reqId: null, route: onChat, msg: {"msg":"asas","from":"a","target":"*"}, receivers: [1], opts: {"type":"push","userOptions":{},"isPush":true}
[2018-11-01T17:15:22.066] [DEBUG] pinus - [connector-server-3 channelRemote.js] [connector-server-3] pushMessage uids: ["b*aaa"], msg: {"msg":"ssd","from":"b","target":"*"}, sids: [1]
[2018-11-01T17:15:22.068] [DEBUG] pinus - [connector-server-3 connector.js] [connector-server-3] send message reqId: null, route: onChat, msg: {"msg":"ssd","from":"b","target":"*"}, receivers: [1], opts: {"type":"push","userOptions":{},"isPush":true}
[2018-11-01T17:15:22.070] [DEBUG] pinus - [connector-server-3 connector.js] [connector-server-3] send message reqId: 4, route: chat.chatHandler.send, msg: {}, receivers: [1], opts: {"type":"response"}
[2018-11-01T17:15:48.590] [DEBUG] pinus - [connector-server-3 channelRemote.js] [connector-server-3] pushMessage uids: ["b*aaa"], msg: {"user":"a"}, sids: [1]
[2018-11-01T17:15:48.591] [DEBUG] pinus - [connector-server-3 connector.js] [connector-server-3] send message reqId: null, route: onLeave, msg: {"user":"a"}, receivers: [1], opts: {"type":"push","userOptions":{},"isPush":true}
[2018-11-01T17:15:54.932] [INFO] pinus - [connector-server-3 heartbeat.js] client 1 heartbeat timeout.
[2018-11-01T17:15:54.933] [DEBUG] pinus - [connector-server-3 sessionService.js] session on [connector-server-3] is closed with session id: 1
